2018-07-13 09:51:58  [ main:9401 ] - [ ERROR ]  java.lang.NullPointerException
	at org.apache.hadoop.fs.permission.FsPermission.toShort(FsPermission.java:154)
	at org.apache.hadoop.fs.permission.FsPermission.toExtendedShort(FsPermission.java:169)
	at org.apache.hadoop.hdfs.protocolPB.PBHelper.convert(PBHelper.java:1361)
	at org.apache.hadoop.hdfs.protocolPB.ClientNamenodeProtocolTranslatorPB.setPermission(ClientNamenodeProtocolTranslatorPB.java:361)
	at sun.reflect.NativeMethodAccessorImpl.invoke0(Native Method)
	at sun.reflect.NativeMethodAccessorImpl.invoke(Unknown Source)
	at sun.reflect.DelegatingMethodAccessorImpl.invoke(Unknown Source)
	at java.lang.reflect.Method.invoke(Unknown Source)
	at org.apache.hadoop.io.retry.RetryInvocationHandler.invokeMethod(RetryInvocationHandler.java:187)
	at org.apache.hadoop.io.retry.RetryInvocationHandler.invoke(RetryInvocationHandler.java:102)
	at com.sun.proxy.$Proxy10.setPermission(Unknown Source)
	at org.apache.hadoop.hdfs.DFSClient.setPermission(DFSClient.java:2451)
	at org.apache.hadoop.hdfs.DistributedFileSystem$28.doCall(DistributedFileSystem.java:1473)
	at org.apache.hadoop.hdfs.DistributedFileSystem$28.doCall(DistributedFileSystem.java:1469)
	at org.apache.hadoop.fs.FileSystemLinkResolver.resolve(FileSystemLinkResolver.java:81)
	at org.apache.hadoop.hdfs.DistributedFileSystem.setPermission(DistributedFileSystem.java:1483)
	at com.inspur.hdfs.test.HdfsUtil.changeDirAllRight(HdfsUtil.java:385)
	at com.inspur.hdfs.test.hdfsAPI.main(hdfsAPI.java:195)

 2018-07-13 10:02:24  [ main:9593 ] - [ ERROR ]  java.lang.NullPointerException
	at org.apache.hadoop.fs.permission.FsPermission.toShort(FsPermission.java:154)
	at org.apache.hadoop.fs.permission.FsPermission.toExtendedShort(FsPermission.java:169)
	at org.apache.hadoop.hdfs.protocolPB.PBHelper.convert(PBHelper.java:1361)
	at org.apache.hadoop.hdfs.protocolPB.ClientNamenodeProtocolTranslatorPB.setPermission(ClientNamenodeProtocolTranslatorPB.java:361)
	at sun.reflect.NativeMethodAccessorImpl.invoke0(Native Method)
	at sun.reflect.NativeMethodAccessorImpl.invoke(Unknown Source)
	at sun.reflect.DelegatingMethodAccessorImpl.invoke(Unknown Source)
	at java.lang.reflect.Method.invoke(Unknown Source)
	at org.apache.hadoop.io.retry.RetryInvocationHandler.invokeMethod(RetryInvocationHandler.java:187)
	at org.apache.hadoop.io.retry.RetryInvocationHandler.invoke(RetryInvocationHandler.java:102)
	at com.sun.proxy.$Proxy10.setPermission(Unknown Source)
	at org.apache.hadoop.hdfs.DFSClient.setPermission(DFSClient.java:2451)
	at org.apache.hadoop.hdfs.DistributedFileSystem$28.doCall(DistributedFileSystem.java:1473)
	at org.apache.hadoop.hdfs.DistributedFileSystem$28.doCall(DistributedFileSystem.java:1469)
	at org.apache.hadoop.fs.FileSystemLinkResolver.resolve(FileSystemLinkResolver.java:81)
	at org.apache.hadoop.hdfs.DistributedFileSystem.setPermission(DistributedFileSystem.java:1483)
	at com.inspur.hdfs.test.HdfsUtil.changeDirAllRight(HdfsUtil.java:383)
	at com.inspur.hdfs.test.hdfsAPI.main(hdfsAPI.java:195)

 2018-07-13 10:04:19  [ main:9216 ] - [ ERROR ]  java.lang.NullPointerException
	at org.apache.hadoop.fs.permission.FsPermission.toShort(FsPermission.java:154)
	at org.apache.hadoop.fs.permission.FsPermission.toExtendedShort(FsPermission.java:169)
	at org.apache.hadoop.hdfs.protocolPB.PBHelper.convert(PBHelper.java:1361)
	at org.apache.hadoop.hdfs.protocolPB.ClientNamenodeProtocolTranslatorPB.setPermission(ClientNamenodeProtocolTranslatorPB.java:361)
	at sun.reflect.NativeMethodAccessorImpl.invoke0(Native Method)
	at sun.reflect.NativeMethodAccessorImpl.invoke(Unknown Source)
	at sun.reflect.DelegatingMethodAccessorImpl.invoke(Unknown Source)
	at java.lang.reflect.Method.invoke(Unknown Source)
	at org.apache.hadoop.io.retry.RetryInvocationHandler.invokeMethod(RetryInvocationHandler.java:187)
	at org.apache.hadoop.io.retry.RetryInvocationHandler.invoke(RetryInvocationHandler.java:102)
	at com.sun.proxy.$Proxy10.setPermission(Unknown Source)
	at org.apache.hadoop.hdfs.DFSClient.setPermission(DFSClient.java:2451)
	at org.apache.hadoop.hdfs.DistributedFileSystem$28.doCall(DistributedFileSystem.java:1473)
	at org.apache.hadoop.hdfs.DistributedFileSystem$28.doCall(DistributedFileSystem.java:1469)
	at org.apache.hadoop.fs.FileSystemLinkResolver.resolve(FileSystemLinkResolver.java:81)
	at org.apache.hadoop.hdfs.DistributedFileSystem.setPermission(DistributedFileSystem.java:1483)
	at com.inspur.hdfs.test.HdfsUtil.changeDirAllRight(HdfsUtil.java:383)
	at com.inspur.hdfs.test.hdfsAPI.main(hdfsAPI.java:195)

 2018-07-13 10:07:32  [ main:9254 ] - [ ERROR ]  java.lang.NullPointerException
	at org.apache.hadoop.fs.permission.FsPermission.toShort(FsPermission.java:154)
	at org.apache.hadoop.fs.permission.FsPermission.toExtendedShort(FsPermission.java:169)
	at org.apache.hadoop.hdfs.protocolPB.PBHelper.convert(PBHelper.java:1361)
	at org.apache.hadoop.hdfs.protocolPB.ClientNamenodeProtocolTranslatorPB.setPermission(ClientNamenodeProtocolTranslatorPB.java:361)
	at sun.reflect.NativeMethodAccessorImpl.invoke0(Native Method)
	at sun.reflect.NativeMethodAccessorImpl.invoke(Unknown Source)
	at sun.reflect.DelegatingMethodAccessorImpl.invoke(Unknown Source)
	at java.lang.reflect.Method.invoke(Unknown Source)
	at org.apache.hadoop.io.retry.RetryInvocationHandler.invokeMethod(RetryInvocationHandler.java:187)
	at org.apache.hadoop.io.retry.RetryInvocationHandler.invoke(RetryInvocationHandler.java:102)
	at com.sun.proxy.$Proxy10.setPermission(Unknown Source)
	at org.apache.hadoop.hdfs.DFSClient.setPermission(DFSClient.java:2451)
	at org.apache.hadoop.hdfs.DistributedFileSystem$28.doCall(DistributedFileSystem.java:1473)
	at org.apache.hadoop.hdfs.DistributedFileSystem$28.doCall(DistributedFileSystem.java:1469)
	at org.apache.hadoop.fs.FileSystemLinkResolver.resolve(FileSystemLinkResolver.java:81)
	at org.apache.hadoop.hdfs.DistributedFileSystem.setPermission(DistributedFileSystem.java:1483)
	at com.inspur.hdfs.test.HdfsUtil.changeDirAllRight(HdfsUtil.java:383)
	at com.inspur.hdfs.test.hdfsAPI.main(hdfsAPI.java:195)

 2018-07-13 15:29:17  [ main:6962 ] - [ ERROR ]  com.mysql.jdbc.MysqlDataTruncation: Data truncation: Data too long for column 'result' at row 1
	at com.mysql.jdbc.MysqlIO.checkErrorPacket(MysqlIO.java:3885)
	at com.mysql.jdbc.MysqlIO.checkErrorPacket(MysqlIO.java:3823)
	at com.mysql.jdbc.MysqlIO.sendCommand(MysqlIO.java:2435)
	at com.mysql.jdbc.MysqlIO.sqlQueryDirect(MysqlIO.java:2582)
	at com.mysql.jdbc.ConnectionImpl.execSQL(ConnectionImpl.java:2530)
	at com.mysql.jdbc.PreparedStatement.executeInternal(PreparedStatement.java:1907)
	at com.mysql.jdbc.PreparedStatement.executeUpdate(PreparedStatement.java:2141)
	at com.mysql.jdbc.PreparedStatement.executeUpdate(PreparedStatement.java:2077)
	at com.mysql.jdbc.PreparedStatement.executeUpdate(PreparedStatement.java:2062)
	at com.inspur.hdfs.util.dao.save(dao.java:14)
	at com.inspur.hdfs.test.hdfsAPI.main(hdfsAPI.java:38)

 2018-07-13 15:32:37  [ main:12719 ] - [ ERROR ]  java.lang.NullPointerException
	at org.apache.hadoop.fs.permission.FsPermission.toShort(FsPermission.java:154)
	at org.apache.hadoop.fs.permission.FsPermission.toExtendedShort(FsPermission.java:169)
	at org.apache.hadoop.hdfs.protocolPB.PBHelper.convert(PBHelper.java:1361)
	at org.apache.hadoop.hdfs.protocolPB.ClientNamenodeProtocolTranslatorPB.setPermission(ClientNamenodeProtocolTranslatorPB.java:361)
	at sun.reflect.NativeMethodAccessorImpl.invoke0(Native Method)
	at sun.reflect.NativeMethodAccessorImpl.invoke(Unknown Source)
	at sun.reflect.DelegatingMethodAccessorImpl.invoke(Unknown Source)
	at java.lang.reflect.Method.invoke(Unknown Source)
	at org.apache.hadoop.io.retry.RetryInvocationHandler.invokeMethod(RetryInvocationHandler.java:187)
	at org.apache.hadoop.io.retry.RetryInvocationHandler.invoke(RetryInvocationHandler.java:102)
	at com.sun.proxy.$Proxy10.setPermission(Unknown Source)
	at org.apache.hadoop.hdfs.DFSClient.setPermission(DFSClient.java:2451)
	at org.apache.hadoop.hdfs.DistributedFileSystem$28.doCall(DistributedFileSystem.java:1473)
	at org.apache.hadoop.hdfs.DistributedFileSystem$28.doCall(DistributedFileSystem.java:1469)
	at org.apache.hadoop.fs.FileSystemLinkResolver.resolve(FileSystemLinkResolver.java:81)
	at org.apache.hadoop.hdfs.DistributedFileSystem.setPermission(DistributedFileSystem.java:1483)
	at com.inspur.hdfs.test.HdfsUtil.changeDirAllRight(HdfsUtil.java:383)
	at com.inspur.hdfs.test.hdfsAPI.main(hdfsAPI.java:195)

 